<?xml version="1.0" encoding="UTF-8"?>
<testsuite name="org.apache.nifi.processors.amqp.TestGetAMQP" time="0.251" tests="1" errors="0" skipped="0" failures="1">
  <properties>
[...]
</properties>
  <testcase name="testWithDelimiter" classname="org.apache.nifi.processors.amqp.TestGetAMQP" time="0.251">
    <failure message="Processor has 2 validation failures:&#10;&apos;URL&apos; is invalid because URL is required&#10;&apos;Destination Name&apos; is invalid because Destination Name is required&#10;" type="java.lang.AssertionError">java.lang.AssertionError: Processor has 2 validation failures:
'URL' is invalid because URL is required
'Destination Name' is invalid because Destination Name is required

	at org.junit.Assert.fail(Assert.java:88)
	at org.apache.nifi.util.MockProcessContext.assertValid(MockProcessContext.java:232)
	at org.apache.nifi.util.StandardProcessorTestRunner.run(StandardProcessorTestRunner.java:196)
	at org.apache.nifi.util.StandardProcessorTestRunner.run(StandardProcessorTestRunner.java:187)
	at org.apache.nifi.util.StandardProcessorTestRunner.run(StandardProcessorTestRunner.java:182)
	at org.apache.nifi.util.StandardProcessorTestRunner.run(StandardProcessorTestRunner.java:177)
	at org.apache.nifi.util.StandardProcessorTestRunner.run(StandardProcessorTestRunner.java:172)
	at org.apache.nifi.processors.amqp.TestGetAMQP.testWithDelimiter(TestGetAMQP.java:78)
</failure>
  </testcase>
</testsuite>